<?xml version="1.0" encoding="UTF-8"?>
<testng-results ignored="0" total="1" passed="1" failed="0" skipped="0">
  <reporter-output>
  </reporter-output>
  <suite started-at="2023-08-31T09:27:42 EDT" name="Default suite" finished-at="2023-08-31T09:27:53 EDT" duration-ms="11067">
    <groups>
      <group name="cucumber">
        <method signature="AbstractTestNGCucumberTests.runScenario(io.cucumber.testng.PickleWrapper,io.cucumber.testng.FeatureWrapper)[pri:0, instance:testRunner.Runnn@54422e18]" name="runScenario" class="io.cucumber.testng.AbstractTestNGCucumberTests"/>
      </group> <!-- cucumber -->
    </groups>
    <test started-at="2023-08-31T09:27:42 EDT" name="Default test" finished-at="2023-08-31T09:27:53 EDT" duration-ms="11067">
      <class name="testRunner.Runnn">
        <test-method is-config="true" signature="setUpClass(org.testng.ITestContext)[pri:0, instance:testRunner.Runnn@54422e18]" started-at="2023-08-31T09:27:42 EDT" name="setUpClass" finished-at="2023-08-31T09:27:42 EDT" duration-ms="170" status="PASS">
          <params>
            <param index="0">
              <value>
                <![CDATA[org.testng.TestRunner@377e573a]]>
              </value>
            </param>
          </params>
          <reporter-output>
          </reporter-output>
        </test-method> <!-- setUpClass -->
        <test-method signature="runScenario(io.cucumber.testng.PickleWrapper,io.cucumber.testng.FeatureWrapper)[pri:0, instance:testRunner.Runnn@54422e18]" started-at="2023-08-31T09:27:42 EDT" name="runScenario" description="Runs Cucumber Scenarios" data-provider="scenarios" finished-at="2023-08-31T09:27:53 EDT" duration-ms="10768" status="PASS">
          <params>
            <param index="0">
              <value>
                <![CDATA["Add  new customer"]]>
              </value>
            </param>
            <param index="1">
              <value>
                <![CDATA["Customer"]]>
              </value>
            </param>
          </params>
          <reporter-output>
          </reporter-output>
        </test-method> <!-- runScenario -->
        <test-method is-config="true" signature="tearDownClass()[pri:0, instance:testRunner.Runnn@54422e18]" started-at="2023-08-31T09:27:53 EDT" name="tearDownClass" finished-at="2023-08-31T09:27:53 EDT" duration-ms="120" status="PASS">
          <reporter-output>
          </reporter-output>
        </test-method> <!-- tearDownClass -->
      </class> <!-- testRunner.Runnn -->
    </test> <!-- Default test -->
  </suite> <!-- Default suite -->
</testng-results>
